<?xml version="1.0" encoding="UTF-8"?>
<testsuite xmlns:xsi="http://www.w3.org/2001/XMLSchema-instance" xsi:noNamespaceSchemaLocation="https://maven.apache.org/surefire/maven-surefire-plugin/xsd/surefire-test-report-3.0.xsd" version="3.0" name="com.personalfinance.manager.PersonalFinanceManagerApplicationTests" time="51.0" tests="1" errors="0" skipped="0" failures="0">
  <properties>
[...]
</properties>
  <testcase name="contextLoads" classname="com.personalfinance.manager.PersonalFinanceManagerApplicationTests" time="5.054">
    <system-out><![CDATA[07:31:50.430 [main] INFO org.springframework.test.context.support.AnnotationConfigContextLoaderUtils -- Could not detect default configuration classes for test class [com.personalfinance.manager.PersonalFinanceManagerApplicationTests]: PersonalFinanceManagerApplicationTests does not declare any static, non-private, non-final, nested classes annotated with @Configuration.
07:31:51.269 [main] INFO org.springframework.boot.test.context.SpringBootTestContextBootstrapper -- Found @SpringBootConfiguration com.personalfinance.manager.PersonalFinanceManagerApplication for test class com.personalfinance.manager.PersonalFinanceManagerApplicationTests

  .   ____          _            __ _ _
 /\\ / ___'_ __ _ _(_)_ __  __ _ \ \ \ \
( ( )\___ | '_ | '_| | '_ \/ _` | \ \ \ \
 \\/  ___)| |_)| | | | | || (_| |  ) ) ) )
  '  |____| .__|_| |_|_| |_\__, | / / / /
 =========|_|==============|___/=/_/_/_/

 :: Spring Boot ::                (v3.3.2)

2026-07-18T07:32:11.290+05:30  INFO 12472 --- [           main] m.PersonalFinanceManagerApplicationTests : Starting PersonalFinanceManagerApplicationTests using Java 25.0.3 with PID 12472 (started by MY LENOVO in C:\Users\MY LENOVO\OneDrive\Desktop\Personal Finance manager\backend)
2026-07-18T07:32:11.295+05:30  INFO 12472 --- [           main] m.PersonalFinanceManagerApplicationTests : No active profile set, falling back to 1 default profile: "default"
2026-07-18T07:32:18.350+05:30  INFO 12472 --- [           main] .s.d.r.c.RepositoryConfigurationDelegate : Bootstrapping Spring Data JPA repositories in DEFAULT mode.
2026-07-18T07:32:19.411+05:30  INFO 12472 --- [           main] .s.d.r.c.RepositoryConfigurationDelegate : Finished Spring Data repository scanning in 1031 ms. Found 6 JPA repository interfaces.
2026-07-18T07:32:21.936+05:30  INFO 12472 --- [           main] o.hibernate.jpa.internal.util.LogHelper  : HHH000204: Processing PersistenceUnitInfo [name: default]
2026-07-18T07:32:22.251+05:30  INFO 12472 --- [           main] org.hibernate.Version                    : HHH000412: Hibernate ORM core version 6.5.2.Final
2026-07-18T07:32:22.463+05:30  INFO 12472 --- [           main] o.h.c.internal.RegionFactoryInitiator    : HHH000026: Second-level cache disabled
2026-07-18T07:32:24.194+05:30  INFO 12472 --- [           main] o.s.o.j.p.SpringPersistenceUnitInfo      : No LoadTimeWeaver setup: ignoring JPA class transformer
2026-07-18T07:32:24.292+05:30  INFO 12472 --- [           main] com.zaxxer.hikari.HikariDataSource       : HikariPool-1 - Starting...
2026-07-18T07:32:25.210+05:30  INFO 12472 --- [           main] com.zaxxer.hikari.pool.HikariPool        : HikariPool-1 - Added connection conn0: url=jdbc:h2:mem:testdb user=SA
2026-07-18T07:32:25.215+05:30  INFO 12472 --- [           main] com.zaxxer.hikari.HikariDataSource       : HikariPool-1 - Start completed.
2026-07-18T07:32:25.346+05:30  WARN 12472 --- [           main] org.hibernate.orm.deprecation            : HHH90000025: H2Dialect does not need to be specified explicitly using 'hibernate.dialect' (remove the property setting and it will be selected by default)
2026-07-18T07:32:28.057+05:30  INFO 12472 --- [           main] o.h.e.t.j.p.i.JtaPlatformInitiator       : HHH000489: No JTA platform available (set 'hibernate.transaction.jta.platform' to enable JTA platform integration)
2026-07-18T07:32:28.244+05:30  INFO 12472 --- [           main] j.LocalContainerEntityManagerFactoryBean : Initialized JPA EntityManagerFactory for persistence unit 'default'
2026-07-18T07:32:29.182+05:30  INFO 12472 --- [           main] o.s.d.j.r.query.QueryEnhancerFactory     : Hibernate is in classpath; If applicable, HQL parser will be used.
2026-07-18T07:32:31.610+05:30  INFO 12472 --- [           main] r$InitializeUserDetailsManagerConfigurer : Global AuthenticationManager configured with UserDetailsService bean with name userDetailsServiceImpl
2026-07-18T07:32:32.258+05:30  WARN 12472 --- [           main] JpaBaseConfiguration$JpaWebConfiguration : spring.jpa.open-in-view is enabled by default. Therefore, database queries may be performed during view rendering. Explicitly configure spring.jpa.open-in-view to disable this warning
2026-07-18T07:32:34.396+05:30  INFO 12472 --- [           main] m.PersonalFinanceManagerApplicationTests : Started PersonalFinanceManagerApplicationTests in 42.28 seconds (process running for 49.852)
Database Migration: Altered accounts type column successfully.
Database Migration: Skipping budgets end_date drop or already dropped: StatementCallback; bad SQL grammar [ALTER TABLE budgets DROP COLUMN end_date]
Creating new demo user...
Demo seeding and data cleanup completed successfully!
]]></system-out>
    <system-err><![CDATA[WARNING: A Java agent has been loaded dynamically (C:\Users\MY LENOVO\.m2\repository\net\bytebuddy\byte-buddy-agent\1.14.18\byte-buddy-agent-1.14.18.jar)
WARNING: If a serviceability tool is in use, please run with -XX:+EnableDynamicAgentLoading to hide this warning
WARNING: If a serviceability tool is not in use, please run with -Djdk.instrument.traceUsage for more information
WARNING: Dynamic loading of agents will be disallowed by default in a future release
]]></system-err>
  </testcase>
</testsuite>